01/02/2024 17:31 amelioratuions  
 
01/02/2024 17:28 amÈliorations  
 
01/02/2024 17:12 Bug + amÈliorations  
 
22/11/2023 12:40 Importation produits et technologies  
 
05/11/2023 16:16 4ieme essai  
 
05/11/2023 16:13 3ime essai  
 
05/11/2023 16:08 2ieme essai  
 
05/11/2023 15:56 Changement du calcul du score  
 
27/07/2023 10:19 ajout ecosystem dans l'export html  
 
07/07/2023 17:32 Calcul des scores serveurs  
 
11/04/2023 10:14 Bug et prise en compte des flux application externe cloud  
 
HISTORIQUE DES CHANGEMENTS  
 
25/11/2022 15:14:46,33
Int√©gration des Patterns
Int√©gration des serveurs dans l'objet cluster

31/01/2023 10:43:03,32
Bug sur la sortie http DAT
Am√©liorations interface

21/02/2023  3:20:47,30
Bug sur la sortie http DAT
Bug sur le tableau de flux (label)
Ajout api discovery


06/03/2023 12:55:16,52
Bug sur la cr√©ation de inssas
